SF:lib\screens\home\home_screen.dart
DA:13,0
DA:15,1
DA:16,1
DA:24,1
DA:26,1
DA:27,3
DA:31,0
DA:33,0
DA:34,0
DA:35,0
DA:44,0
DA:45,0
DA:46,0
DA:47,0
DA:49,0
DA:50,0
DA:51,0
DA:70,0
DA:71,0
DA:72,0
DA:133,1
DA:135,1
DA:136,1
DA:137,1
DA:140,1
DA:141,1
DA:142,1
DA:143,1
DA:144,1
DA:145,1
DA:150,0
DA:155,0
DA:156,0
DA:157,0
DA:158,0
DA:159,0
DA:160,0
DA:161,0
DA:162,0
DA:163,0
DA:164,0
DA:169,0
LF:42
LH:15
end_of_record
SF:lib\model\serializer\serializer.dart
DA:15,0
DA:16,0
DA:18,0
DA:25,0
DA:29,0
LF:5
LH:0
end_of_record
SF:lib\model\serializer\serializer.g.dart
DA:9,0
DA:10,0
LF:2
LH:0
end_of_record
SF:lib\model\test_article\test_article.g.dart
DA:9,0
DA:17,0
DA:20,0
DA:22,0
DA:25,0
DA:26,0
DA:29,0
DA:32,0
DA:33,0
DA:36,0
DA:39,0
DA:40,0
DA:43,0
DA:46,0
DA:47,0
DA:50,0
DA:53,0
DA:54,0
DA:60,0
DA:63,0
DA:65,0
DA:66,0
DA:67,0
DA:68,0
DA:69,0
DA:71,0
DA:72,0
DA:75,0
DA:76,0
DA:79,0
DA:80,0
DA:83,0
DA:84,0
DA:87,0
DA:88,0
DA:94,0
DA:110,0
DA:111,0
DA:113,0
DA:115,0
DA:117,0
DA:119,0
DA:121,0
DA:122,0
DA:124,0
DA:127,0
DA:128,0
DA:129,0
DA:130,0
DA:131,0
DA:132,0
DA:135,0
DA:137,0
DA:138,0
DA:139,0
DA:140,0
DA:141,0
DA:142,0
DA:145,0
DA:147,0
DA:148,0
DA:149,0
DA:150,0
DA:151,0
DA:152,0
DA:153,0
DA:161,0
DA:162,0
DA:165,0
DA:166,0
DA:169,0
DA:170,0
DA:171,0
DA:174,0
DA:175,0
DA:178,0
DA:179,0
DA:181,0
DA:183,0
DA:184,0
DA:186,0
DA:187,0
DA:188,0
DA:189,0
DA:190,0
DA:191,0
DA:196,0
DA:198,0
DA:199,0
DA:202,0
DA:204,0
DA:207,0
DA:208,0
DA:210,0
DA:211,0
DA:212,0
DA:213,0
DA:214,0
DA:215,0
DA:216,0
DA:217,0
DA:218,0
LF:102
LH:0
end_of_record
SF:lib\model\test_article\test_article.dart
DA:35,0
DA:39,0
DA:41,0
DA:44,0
DA:45,0
DA:46,0
DA:50,0
DA:52,0
LF:8
LH:0
end_of_record
SF:lib\screens\home\bloc\home_bloc.dart
DA:10,3
DA:13,1
DA:14,1
DA:16,2
DA:18,4
DA:21,0
DA:23,0
DA:27,3
DA:28,3
LF:9
LH:7
end_of_record
SF:lib\screens\home\bloc\home_events.dart
DA:6,1
LF:1
LH:1
end_of_record
SF:lib\screens\home\bloc\home_states.dart
DA:12,0
DA:19,1
LF:2
LH:1
end_of_record
SF:lib\services\api_services.dart
DA:12,1
DA:13,1
DA:14,1
DA:15,2
DA:18,2
DA:20,2
DA:21,0
DA:22,0
DA:34,0
DA:38,1
DA:49,0
LF:11
LH:7
end_of_record
SF:lib\screens\widgets\article_card.dart
DA:14,0
DA:22,0
DA:24,0
DA:25,0
DA:26,0
DA:30,0
DA:36,0
DA:38,0
DA:39,0
DA:40,0
DA:41,0
DA:42,0
DA:43,0
DA:44,0
DA:45,0
DA:46,0
DA:47,0
DA:49,0
DA:50,0
DA:55,0
DA:58,0
DA:59,0
DA:62,0
DA:66,0
DA:67,0
DA:68,0
DA:69,0
DA:79,0
DA:80,0
LF:29
LH:0
end_of_record
